<?xml version="1.0" encoding="UTF-8"?>
<!-- Generated by org.testng.reporters.JUnitReportReporter -->
<testsuite name="MyFirstProject.SeleniumTest" tests="1" time="0.000" ignored="0" failures="0" timestamp="01 Aug 2019 18:44:47 GMT" skipped="0" hostname="DESKTOP-JF3NBFE" errors="0">
  <testcase name="firsttest" time="0.000" classname="MyFirstProject.SeleniumTest"/>
</testsuite> <!-- MyFirstProject.SeleniumTest -->
